RUN	simulations.MaxDurationForeeverLoadSimulation	maxdurationforeeverloadsimulation	1733652452691	MaxDurationForeeverLoadSimulation	3.6.1
USER	Fixed duration load simulation	START	1733652459037
USER	Fixed duration load simulation	START	1733652459041
USER	Fixed duration load simulation	START	1733652459031
USER	Fixed duration load simulation	START	1733652459041
USER	Fixed duration load simulation	START	1733652459041
USER	Fixed duration load simulation	START	1733652459041
USER	Fixed duration load simulation	START	1733652459041
USER	Fixed duration load simulation	START	1733652459041
USER	Fixed duration load simulation	START	1733652459041
USER	Fixed duration load simulation	START	1733652459040
REQUEST		Get All users request	1733652459328	1733652459919	OK	 
REQUEST		Get All users request	1733652459327	1733652459967	OK	 
REQUEST		Get All users request	1733652459328	1733652459967	OK	 
REQUEST		Get All users request	1733652459327	1733652459967	OK	 
REQUEST		Get All users request	1733652459327	1733652460274	OK	 
REQUEST		Get All users request	1733652459328	1733652460285	OK	 
REQUEST		Get All users request	1733652459327	1733652460376	OK	 
REQUEST		Get All users request	1733652459327	1733652460376	OK	 
REQUEST		Get All users request	1733652459327	1733652461401	OK	 
REQUEST		Get Single User	1733652462972	1733652463141	OK	 
REQUEST		Get Single User	1733652462971	1733652463141	OK	 
REQUEST		Get Single User	1733652462971	1733652463141	OK	 
REQUEST		Get Single User	1733652462957	1733652463142	OK	 
REQUEST		Get Single User	1733652463290	1733652463550	OK	 
REQUEST		Get Single User	1733652463290	1733652463550	OK	 
REQUEST		Get Single User	1733652463383	1733652463654	OK	 
REQUEST		Get All users request	1733652459327	1733652463856	OK	 
REQUEST		Get Single User	1733652464408	1733652464652	OK	 
REQUEST		Add User request	1733652466163	1733652466422	OK	 
REQUEST		Add User request	1733652466158	1733652466422	OK	 
REQUEST		Add User request	1733652466161	1733652466422	OK	 
REQUEST		Add User request	1733652466161	1733652466422	OK	 
REQUEST		Add User request	1733652466425	1733652466678	OK	 
REQUEST		Add User request	1733652466425	1733652466679	OK	 
REQUEST		Add User request	1733652466426	1733652466679	OK	 
REQUEST		Add User request	1733652466427	1733652466678	OK	 
REQUEST		Add User request	1733652466566	1733652466889	OK	 
REQUEST		Add User request	1733652466566	1733652466906	OK	 
REQUEST		Add User request	1733652466662	1733652467030	OK	 
REQUEST		Get Single User	1733652466871	1733652467133	OK	 
REQUEST		Add User request	1733652466890	1733652467148	OK	 
REQUEST		Add User request	1733652466907	1733652467223	OK	 
REQUEST		Add User request	1733652467031	1733652467286	OK	 
REQUEST		Add User request	1733652467657	1733652468874	OK	 
REQUEST		Add User request	1733652468875	1733652469197	OK	 
REQUEST		Add User request	1733652470139	1733652470512	OK	 
REQUEST		Add User request	1733652470513	1733652470840	OK	 
REQUEST		Add User request	1733652472696	1733652472895	OK	 
REQUEST		Add User request	1733652472696	1733652472902	OK	 
REQUEST		Add User request	1733652472696	1733652472908	OK	 
REQUEST		Add User request	1733652472696	1733652472916	OK	 
REQUEST		Add User request	1733652472896	1733652473089	OK	 
REQUEST		Add User request	1733652472903	1733652473108	OK	 
REQUEST		Add User request	1733652472918	1733652473115	OK	 
REQUEST		Add User request	1733652472910	1733652473117	OK	 
REQUEST		Add User request	1733652473169	1733652473486	OK	 
REQUEST		Add User request	1733652473487	1733652473805	OK	 
REQUEST		Add User request	1733652473249	1733652474198	OK	 
REQUEST		Add User request	1733652473310	1733652474302	OK	 
REQUEST		Add User request	1733652474199	1733652475232	OK	 
REQUEST		Add User request	1733652474303	1733652475243	OK	 
REQUEST		Add User request	1733652475211	1733652475535	OK	 
REQUEST		Add User request	1733652475536	1733652475841	OK	 
REQUEST		Add User request	1733652476860	1733652477176	OK	 
REQUEST		Add User request	1733652477178	1733652477577	OK	 
REQUEST		Add User request	1733652479118	1733652479322	OK	 
REQUEST		Add User request	1733652479129	1733652479337	OK	 
REQUEST		Add User request	1733652479129	1733652479337	OK	 
REQUEST		Add User request	1733652479129	1733652479337	OK	 
REQUEST		Add User request	1733652479324	1733652479526	OK	 
REQUEST		Add User request	1733652479338	1733652479545	OK	 
REQUEST		Add User request	1733652479338	1733652479545	OK	 
REQUEST		Add User request	1733652479339	1733652479548	OK	 
REQUEST		Add User request	1733652479818	1733652480154	OK	 
REQUEST		Add User request	1733652480155	1733652480468	OK	 
REQUEST		Add User request	1733652481258	1733652481573	OK	 
REQUEST		Add User request	1733652481575	1733652481884	OK	 
REQUEST		Add User request	1733652481258	1733652482391	OK	 
REQUEST		Add User request	1733652482392	1733652482727	OK	 
REQUEST		Add User request	1733652481870	1733652483006	OK	 
REQUEST		Add User request	1733652483007	1733652483313	OK	 
REQUEST		Add User request	1733652483601	1733652484030	OK	 
REQUEST		Add User request	1733652484032	1733652484353	OK	 
REQUEST		Add User request	1733652485558	1733652485771	OK	 
REQUEST		Add User request	1733652485555	1733652485771	OK	 
REQUEST		Add User request	1733652485555	1733652485771	OK	 
REQUEST		Add User request	1733652485573	1733652485780	OK	 
REQUEST		Add User request	1733652485773	1733652485983	OK	 
REQUEST		Add User request	1733652485773	1733652485982	OK	 
REQUEST		Add User request	1733652485783	1733652485987	OK	 
REQUEST		Add User request	1733652485773	1733652485992	OK	 
REQUEST		Add User request	1733652486477	1733652486898	OK	 
REQUEST		Add User request	1733652486900	1733652487224	OK	 
REQUEST		Add User request	1733652487897	1733652488231	OK	 
REQUEST		Add User request	1733652488232	1733652488538	OK	 
REQUEST		Get Single User	1733652463383	1733652488561	OK	 
REQUEST		Add User request	1733652488748	1733652489150	OK	 
REQUEST		Add User request	1733652489326	1733652489662	OK	 
REQUEST		Add User request	1733652489152	1733652490689	OK	 
REQUEST		Add User request	1733652490373	1733652490704	OK	 
REQUEST		Add User request	1733652490705	1733652491671	OK	 
REQUEST		Add User request	1733652491655	1733652492003	OK	 
REQUEST		Add User request	1733652492009	1733652492224	OK	 
REQUEST		Add User request	1733652492009	1733652492224	OK	 
REQUEST		Add User request	1733652492009	1733652492224	OK	 
REQUEST		Add User request	1733652492010	1733652492224	OK	 
REQUEST		Add User request	1733652492004	1733652492427	OK	 
REQUEST		Add User request	1733652492225	1733652492432	OK	 
REQUEST		Add User request	1733652492225	1733652492432	OK	 
REQUEST		Add User request	1733652492225	1733652492432	OK	 
REQUEST		Add User request	1733652492225	1733652492448	OK	 
REQUEST		Add User request	1733652489664	1733652492489	OK	 
REQUEST		Add User request	1733652493255	1733652494168	OK	 
REQUEST		Add User request	1733652494562	1733652494907	OK	 
REQUEST		Add User request	1733652494908	1733652495217	OK	 
REQUEST		Add User request	1733652496708	1733652497137	OK	 
REQUEST		Add User request	1733652497139	1733652497463	OK	 
REQUEST		Add User request	1733652497693	1733652498058	OK	 
REQUEST		Add User request	1733652498060	1733652498478	OK	 
REQUEST		Add User request	1733652498473	1733652498679	OK	 
REQUEST		Add User request	1733652498460	1733652498679	OK	 
REQUEST		Add User request	1733652498456	1733652498680	OK	 
REQUEST		Add User request	1733652498458	1733652498682	OK	 
REQUEST		Add User request	1733652498456	1733652498795	OK	 
REQUEST		Add User request	1733652498521	1733652498828	OK	 
REQUEST		Add User request	1733652498681	1733652498903	OK	 
REQUEST		Add User request	1733652498682	1733652498903	OK	 
REQUEST		Add User request	1733652498681	1733652498903	OK	 
REQUEST		Add User request	1733652498685	1733652498906	OK	 
REQUEST		Add User request	1733652498830	1733652499087	OK	 
REQUEST		Add User request	1733652498797	1733652499102	OK	 
REQUEST		Add User request	1733652501244	1733652501571	OK	 
REQUEST		Add User request	1733652501573	1733652501883	OK	 
REQUEST		Add User request	1733652494170	1733652502459	OK	 
REQUEST		Add User request	1733652503472	1733652503817	OK	 
REQUEST		Add User request	1733652503818	1733652504212	OK	 
REQUEST		Add User request	1733652504917	1733652505124	OK	 
REQUEST		Add User request	1733652504932	1733652505130	OK	 
REQUEST		Add User request	1733652504932	1733652505133	OK	 
REQUEST		Add User request	1733652504931	1733652505139	OK	 
REQUEST		Add User request	1733652505132	1733652505333	OK	 
REQUEST		Add User request	1733652505126	1733652505339	OK	 
REQUEST		Add User request	1733652505140	1733652505342	OK	 
REQUEST		Add User request	1733652505135	1733652505345	OK	 
REQUEST		Add User request	1733652504493	1733652505392	OK	 
REQUEST		Add User request	1733652505096	1733652505403	OK	 
REQUEST		Add User request	1733652505109	1733652505419	OK	 
REQUEST		Add User request	1733652505404	1733652505738	OK	 
REQUEST		Add User request	1733652505420	1733652505738	OK	 
REQUEST		Add User request	1733652505393	1733652506362	OK	 
REQUEST		Add User request	1733652507899	1733652508208	OK	 
REQUEST		Add User request	1733652508209	1733652508606	OK	 
REQUEST		Add User request	1733652508480	1733652508815	OK	 
REQUEST		Add User request	1733652508816	1733652509125	OK	 
REQUEST		Add User request	1733652510237	1733652510557	OK	 
REQUEST		Add User request	1733652510558	1733652510881	OK	 
REQUEST		Add User request	1733652511355	1733652511579	OK	 
REQUEST		Add User request	1733652511354	1733652511579	OK	 
REQUEST		Add User request	1733652511371	1733652511580	OK	 
REQUEST		Add User request	1733652511353	1733652511580	OK	 
REQUEST		Add User request	1733652511581	1733652511772	OK	 
REQUEST		Add User request	1733652511581	1733652511779	OK	 
REQUEST		Add User request	1733652511581	1733652511779	OK	 
REQUEST		Add User request	1733652511581	1733652511789	OK	 
REQUEST		Add User request	1733652511755	1733652512089	OK	 
REQUEST		Add User request	1733652511755	1733652512089	OK	 
REQUEST		Add User request	1733652512090	1733652512405	OK	 
REQUEST		Add User request	1733652512090	1733652512407	OK	 
REQUEST		Add User request	1733652512381	1733652512702	OK	 
REQUEST		Add User request	1733652512703	1733652513112	OK	 
