RUN	simulations.EndToEndScenario	endtoendscenario	1733585311647	EndToEndScenario	3.6.1
USER	End to End scenario for Users API	START	1733585312603
USER	End to End scenario for Users API	START	1733585312604
USER	End to End scenario for Users API	START	1733585312604
USER	End to End scenario for Users API	START	1733585312604
USER	End to End scenario for Users API	START	1733585312603
USER	End to End scenario for Users API	START	1733585312604
USER	End to End scenario for Users API	START	1733585312604
USER	End to End scenario for Users API	START	1733585312604
USER	End to End scenario for Users API	START	1733585312604
USER	End to End scenario for Users API	START	1733585312604
REQUEST		Get User API request	1733585312675	1733585312866	OK	 
REQUEST		Get User API request	1733585312674	1733585312994	OK	 
REQUEST		Get User API request	1733585312674	1733585312995	OK	 
REQUEST		Get User API request	1733585312674	1733585312996	OK	 
REQUEST		Get User API request	1733585312674	1733585312997	OK	 
REQUEST		Get User API request	1733585312674	1733585312996	OK	 
REQUEST		Get User API request	1733585312674	1733585313001	OK	 
REQUEST		Get User API request	1733585312674	1733585313001	OK	 
REQUEST		Get User API request	1733585312674	1733585313407	OK	 
REQUEST		Get User API request	1733585312674	1733585313509	OK	 
REQUEST		Get all users request	1733585315899	1733585315977	OK	 
REQUEST		Get all users request	1733585316800	1733585316886	OK	 
REQUEST		Get all users request	1733585318199	1733585318422	OK	 
REQUEST		Get all users request	1733585319069	1733585319240	OK	 
REQUEST		Get all users request	1733585319100	1733585319241	OK	 
REQUEST		Get all users request	1733585319084	1733585319241	OK	 
REQUEST		Get single user not found request	1733585318989	1733585319445	OK	 
REQUEST		Get all users request	1733585319600	1733585319754	OK	 
REQUEST		Get single user not found request	1733585319896	1733585320059	OK	 
REQUEST		Get all users request	1733585320780	1733585320879	OK	 
REQUEST		Get all users request	1733585321076	1733585321151	OK	 
REQUEST		Get single user not found request	1733585321434	1733585321595	OK	 
REQUEST		Get all users request	1733585322011	1733585322111	OK	 
REQUEST		Get single user not found request	1733585322242	1733585322311	OK	 
REQUEST		Get single user not found request	1733585322242	1733585322311	OK	 
REQUEST		Get single user not found request	1733585322242	1733585322342	OK	 
REQUEST		Add User request	1733585322464	1733585322927	OK	 
REQUEST		Get single user not found request	1733585322758	1733585322928	OK	 
REQUEST		Add User request	1733585323068	1733585323439	OK	 
REQUEST		Get single user not found request	1733585323892	1733585324054	OK	 
REQUEST		Get single user not found request	1733585324156	1733585324976	OK	 
REQUEST		Add User request	1733585324610	1733585325042	OK	 
REQUEST		Get single user not found request	1733585325125	1733585325281	OK	 
REQUEST		Add User request	1733585325356	1733585325794	OK	 
REQUEST		Add User request	1733585325325	1733585325794	OK	 
REQUEST		Add User request	1733585325325	1733585325794	OK	 
REQUEST		Add User request	1733585325946	1733585326315	OK	 
REQUEST		Update user PUT Request	1733585325946	1733585326315	OK	 
REQUEST		Update user PUT Request	1733585326442	1733585326819	OK	 
REQUEST		Add User request	1733585327064	1733585327433	OK	 
REQUEST		Update user PUT Request	1733585328058	1733585328460	OK	 
REQUEST		Add User request	1733585328287	1733585328663	OK	 
REQUEST		Add User request	1733585327994	1733585328728	OK	 
REQUEST		Update user PUT Request	1733585328800	1733585329183	OK	 
REQUEST		Update user PUT Request	1733585328800	1733585329184	OK	 
REQUEST		Update user PUT Request	1733585328801	1733585329184	OK	 
REQUEST		Delete user : DELETE Request	1733585329328	1733585329788	OK	 
REQUEST		Update user PUT Request	1733585329327	1733585329790	OK	 
USER	End to End scenario for Users API	END	1733585329796
REQUEST		Delete user : DELETE Request	1733585329826	1733585330196	OK	 
USER	End to End scenario for Users API	END	1733585330199
REQUEST		Update user PUT Request	1733585330447	1733585330810	OK	 
REQUEST		Delete user : DELETE Request	1733585331472	1733585331936	OK	 
USER	End to End scenario for Users API	END	1733585331938
REQUEST		Update user PUT Request	1733585331674	1733585332040	OK	 
REQUEST		Update user PUT Request	1733585331735	1733585332380	OK	 
REQUEST		Delete user : DELETE Request	1733585332190	1733585332554	OK	 
USER	End to End scenario for Users API	END	1733585332556
REQUEST		Delete user : DELETE Request	1733585332190	1733585332565	OK	 
USER	End to End scenario for Users API	END	1733585332567
REQUEST		Delete user : DELETE Request	1733585332190	1733585332598	OK	 
USER	End to End scenario for Users API	END	1733585332600
REQUEST		Delete user : DELETE Request	1733585332795	1733585333167	OK	 
USER	End to End scenario for Users API	END	1733585333169
REQUEST		Delete user : DELETE Request	1733585333817	1733585334193	OK	 
USER	End to End scenario for Users API	END	1733585334196
REQUEST		Delete user : DELETE Request	1733585335057	1733585335410	OK	 
USER	End to End scenario for Users API	END	1733585335412
REQUEST		Delete user : DELETE Request	1733585335399	1733585336137	OK	 
USER	End to End scenario for Users API	END	1733585336140
