RUN	simulations.LoadSimulation	loadsimulation	1733650676069	LoadSimulation	3.6.1
USER	Get User using JSON Feeder test data	START	1733650682613
USER	Get User using JSON Feeder test data	START	1733650682613
USER	Get User using JSON Feeder test data	START	1733650682613
USER	Get User using JSON Feeder test data	START	1733650682613
USER	Get User using JSON Feeder test data	START	1733650682613
USER	Get User using JSON Feeder test data	START	1733650682613
USER	Get User using JSON Feeder test data	START	1733650682613
USER	Get User using JSON Feeder test data	START	1733650682613
USER	Get User using JSON Feeder test data	START	1733650682613
USER	Get User using JSON Feeder test data	START	1733650682613
USER	Get User using JSON Feeder test data	START	1733650682613
USER	Get User using JSON Feeder test data	START	1733650683103
USER	Get User using JSON Feeder test data	START	1733650683617
REQUEST		Get Specific User using JSON Feeder	1733650683184	1733650683800	OK	 
REQUEST		Get Specific User using JSON Feeder	1733650683184	1733650683743	OK	 
REQUEST		Get Specific User using JSON Feeder	1733650683186	1733650683909	OK	 
REQUEST		Get Specific User using JSON Feeder	1733650683185	1733650683970	OK	 
REQUEST		Get Specific User using JSON Feeder	1733650683184	1733650683969	OK	 
USER	Get User using JSON Feeder test data	START	1733650684601
REQUEST		Get Specific User using JSON Feeder	1733650683189	1733650684737	OK	 
REQUEST		Get Specific User using JSON Feeder	1733650683187	1733650685033	OK	 
USER	Get User using JSON Feeder test data	START	1733650685107
REQUEST		Get Specific User using JSON Feeder	1733650683620	1733650685131	OK	 
REQUEST		Get Specific User using JSON Feeder	1733650683185	1733650685546	OK	 
USER	Get User using JSON Feeder test data	START	1733650685613
REQUEST		Get Specific User using JSON Feeder	1733650683184	1733650685705	OK	 
REQUEST		Get Specific User using JSON Feeder	1733650684603	1733650685942	OK	 
REQUEST		Get Specific User using JSON Feeder	1733650683189	1733650685961	OK	 
REQUEST		Get Specific User using JSON Feeder	1733650685851	1733650686042	OK	 
REQUEST		Get Specific User using JSON Feeder	1733650685851	1733650686060	OK	 
REQUEST		Get Specific User using JSON Feeder	1733650685975	1733650686177	OK	 
REQUEST		Get Specific User using JSON Feeder	1733650685616	1733650686510	OK	 
REQUEST		Get Specific User using JSON Feeder	1733650685109	1733650686561	OK	 
USER	Get User using JSON Feeder test data	START	1733650686605
REQUEST		Get Specific User using JSON Feeder	1733650686744	1733650686930	OK	 
REQUEST		Get Specific User using JSON Feeder	1733650685975	1733650687030	OK	 
USER	Get User using JSON Feeder test data	START	1733650687120
REQUEST		Get Specific User using JSON Feeder	1733650687040	1733650687365	OK	 
REQUEST		Get Specific User using JSON Feeder	1733650687149	1733650687366	OK	 
USER	Get User using JSON Feeder test data	START	1733650687619
REQUEST		Get Specific User using JSON Feeder	1733650687123	1733650687630	OK	 
REQUEST		Get Specific User using JSON Feeder	1733650687560	1733650687823	OK	 
REQUEST		Get Specific User using JSON Feeder	1733650685912	1733650687966	OK	 
REQUEST		Get Specific User using JSON Feeder	1733650687715	1733650688004	OK	 
REQUEST		Get Specific User using JSON Feeder	1733650687980	1733650688190	OK	 
REQUEST		Get Specific User using JSON Feeder	1733650687949	1733650688217	OK	 
REQUEST		Get Specific User using JSON Feeder	1733650688057	1733650688241	OK	 
REQUEST		Get Specific User using JSON Feeder	1733650688074	1733650688367	OK	 
REQUEST		Get Specific User using JSON Feeder	1733650688183	1733650688377	OK	 
REQUEST		Get Specific User using JSON Feeder	1733650687622	1733650688528	OK	 
USER	Get User using JSON Feeder test data	START	1733650688607
REQUEST		Get Specific User using JSON Feeder	1733650683184	1733650688751	OK	 
REQUEST		Get Specific User using JSON Feeder	1733650688578	1733650688754	OK	 
REQUEST		Get Specific User using JSON Feeder	1733650688529	1733650689051	OK	 
USER	Get User using JSON Feeder test data	START	1733650689110
REQUEST		Get Specific User using JSON Feeder	1733650689048	1733650689268	OK	 
USER	Get User using JSON Feeder test data	START	1733650689613
REQUEST		Get Specific User using JSON Feeder	1733650688937	1733650689660	OK	 
REQUEST		Get Specific User using JSON Feeder	1733650689379	1733650689684	OK	 
REQUEST		Get Specific User using JSON Feeder	1733650689379	1733650689696	OK	 
REQUEST		Get Specific User using JSON Feeder	1733650689619	1733650690006	OK	 
REQUEST		Get Specific User using JSON Feeder	1733650689835	1733650690033	OK	 
REQUEST		Get Specific User using JSON Feeder	1733650689976	1733650690164	OK	 
REQUEST		Get Specific User using JSON Feeder	1733650689646	1733650690382	OK	 
REQUEST		Get Specific User using JSON Feeder	1733650690256	1733650690455	OK	 
USER	Get User using JSON Feeder test data	START	1733650690615
REQUEST		Get Specific User using JSON Feeder	1733650690225	1733650690638	OK	 
REQUEST		Get Specific User using JSON Feeder	1733650690384	1733650690686	OK	 
REQUEST		Get Specific User using JSON Feeder	1733650690384	1733650690702	OK	 
REQUEST		Get Specific User using JSON Feeder	1733650690023	1733650690817	OK	 
REQUEST		Get Specific User using JSON Feeder	1733650689115	1733650690870	OK	 
REQUEST		Get Specific User using JSON Feeder	1733650690757	1733650690952	OK	 
REQUEST		Get Specific User using JSON Feeder	1733650690772	1733650691069	OK	 
USER	Get User using JSON Feeder test data	START	1733650691114
REQUEST		Get Specific User using JSON Feeder	1733650691070	1733650691281	OK	 
REQUEST		Get Specific User using JSON Feeder	1733650690537	1733650691456	OK	 
REQUEST		Get Specific User using JSON Feeder	1733650690210	1733650691512	OK	 
USER	Get User using JSON Feeder test data	START	1733650691617
REQUEST		Get Specific User using JSON Feeder	1733650691669	1733650691860	OK	 
REQUEST		Get Specific User using JSON Feeder	1733650691276	1733650691881	OK	 
REQUEST		Get Specific User using JSON Feeder	1733650691697	1733650692004	OK	 
REQUEST		Get Specific User using JSON Feeder	1733650692025	1733650692215	OK	 
REQUEST		Get Specific User using JSON Feeder	1733650691713	1733650692218	OK	 
REQUEST		Get Specific User using JSON Feeder	1733650688612	1733650692239	OK	 
REQUEST		Get Specific User using JSON Feeder	1733650691620	1733650692400	OK	 
REQUEST		Get Specific User using JSON Feeder	1733650692043	1733650692679	OK	 
REQUEST		Get Specific User using JSON Feeder	1733650692401	1733650692684	OK	 
REQUEST		Get Specific User using JSON Feeder	1733650691118	1733650692733	OK	 
REQUEST		Get Specific User using JSON Feeder	1733650692182	1733650692816	OK	 
REQUEST		Get Specific User using JSON Feeder	1733650692713	1733650692918	OK	 
REQUEST		Get Specific User using JSON Feeder	1733650692464	1733650692988	OK	 
REQUEST		Get Specific User using JSON Feeder	1733650692887	1733650693122	OK	 
REQUEST		Get Specific User using JSON Feeder	1733650692825	1733650693158	OK	 
REQUEST		Get Specific User using JSON Feeder	1733650692651	1733650693214	OK	 
REQUEST		Get Specific User using JSON Feeder	1733650683185	1733650693261	KO	i.n.h.s.SslHandshakeTimeoutException: handshake timed out after 10000ms
REQUEST		Get Specific User using JSON Feeder	1733650693076	1733650693291	OK	 
REQUEST		Get Specific User using JSON Feeder	1733650693293	1733650693476	OK	 
REQUEST		Get Specific User using JSON Feeder	1733650692699	1733650693563	OK	 
REQUEST		Get Specific User using JSON Feeder	1733650692967	1733650693619	OK	 
REQUEST		Get Specific User using JSON Feeder	1733650693465	1733650693820	OK	 
REQUEST		Get Specific User using JSON Feeder	1733650693528	1733650693842	OK	 
REQUEST		Get Specific User using JSON Feeder	1733650693889	1733650694197	OK	 
REQUEST		Get Specific User using JSON Feeder	1733650694016	1733650694246	OK	 
REQUEST		Get Specific User using JSON Feeder	1733650694236	1733650694456	OK	 
REQUEST		Get Specific User using JSON Feeder	1733650694235	1733650694611	OK	 
REQUEST		Get Specific User using JSON Feeder	1733650693873	1733650694783	OK	 
REQUEST		Get Specific User using JSON Feeder	1733650694252	1733650694893	OK	 
REQUEST		Get Specific User using JSON Feeder	1733650694690	1733650694957	OK	 
REQUEST		Get Specific User using JSON Feeder	1733650694754	1733650694970	OK	 
REQUEST		Get Specific User using JSON Feeder	1733650694832	1733650695068	OK	 
REQUEST		Get Specific User using JSON Feeder	1733650694926	1733650695151	OK	 
REQUEST		Get Specific User using JSON Feeder	1733650694411	1733650695180	OK	 
REQUEST		Get Specific User using JSON Feeder	1733650694690	1733650695186	OK	 
REQUEST		Get Specific User using JSON Feeder	1733650695004	1733650695212	OK	 
REQUEST		Get Specific User using JSON Feeder	1733650695131	1733650695348	OK	 
REQUEST		Get Specific User using JSON Feeder	1733650695163	1733650695463	OK	 
REQUEST		Get Specific User using JSON Feeder	1733650695304	1733650695491	OK	 
REQUEST		Get Specific User using JSON Feeder	1733650695225	1733650695519	OK	 
REQUEST		Get Specific User using JSON Feeder	1733650695494	1733650695664	OK	 
REQUEST		Get Specific User using JSON Feeder	1733650695569	1733650695758	OK	 
REQUEST		Get Specific User using JSON Feeder	1733650695287	1733650695822	OK	 
REQUEST		Get Specific User using JSON Feeder	1733650690617	1733650695979	OK	 
REQUEST		Get Specific User using JSON Feeder	1733650695850	1733650696061	OK	 
REQUEST		Get Specific User using JSON Feeder	1733650695835	1733650696133	OK	 
REQUEST		Get Specific User using JSON Feeder	1733650696212	1733650696408	OK	 
REQUEST		Get Specific User using JSON Feeder	1733650696259	1733650696470	OK	 
REQUEST		Get Specific User using JSON Feeder	1733650695633	1733650696595	OK	 
REQUEST		Get Specific User using JSON Feeder	1733650686609	1733650696643	KO	i.n.h.s.SslHandshakeTimeoutException: handshake timed out after 10000ms
REQUEST		Get Specific User using JSON Feeder	1733650696464	1733650696690	OK	 
REQUEST		Get Specific User using JSON Feeder	1733650696628	1733650696835	OK	 
REQUEST		Get Specific User using JSON Feeder	1733650696797	1733650697015	OK	 
REQUEST		Get Specific User using JSON Feeder	1733650696906	1733650697112	OK	 
REQUEST		Get Specific User using JSON Feeder	1733650696985	1733650697161	OK	 
REQUEST		Get Specific User using JSON Feeder	1733650696969	1733650697256	OK	 
REQUEST		Get Specific User using JSON Feeder	1733650697177	1733650697356	OK	 
REQUEST		Get Specific User using JSON Feeder	1733650697205	1733650697396	OK	 
REQUEST		Get Specific User using JSON Feeder	1733650697355	1733650697612	OK	 
REQUEST		Get Specific User using JSON Feeder	1733650697079	1733650697729	OK	 
REQUEST		Get Specific User using JSON Feeder	1733650697480	1733650697731	KO	status.find.in(200,304), but actually found 429
REQUEST		Get Specific User using JSON Feeder	1733650697234	1733650697771	OK	 
REQUEST		Get Specific User using JSON Feeder	1733650697526	1733650697777	KO	status.find.in(200,304), but actually found 429
REQUEST		Get Specific User using JSON Feeder	1733650697670	1733650697835	KO	status.find.in(200,304), but actually found 429
REQUEST		Get Specific User using JSON Feeder	1733650697495	1733650697941	KO	status.find.in(200,304), but actually found 429
REQUEST		Get Specific User using JSON Feeder	1733650697828	1733650697984	KO	status.find.in(200,304), but actually found 429
REQUEST		Get Specific User using JSON Feeder	1733650697985	1733650698158	KO	status.find.in(200,304), but actually found 429
REQUEST		Get Specific User using JSON Feeder	1733650697200	1733650698302	OK	 
REQUEST		Get Specific User using JSON Feeder	1733650697763	1733650698302	KO	status.find.in(200,304), but actually found 429
REQUEST		Get Specific User using JSON Feeder	1733650698077	1733650698410	OK	 
REQUEST		Get Specific User using JSON Feeder	1733650698425	1733650698577	KO	status.find.in(200,304), but actually found 429
REQUEST		Get Specific User using JSON Feeder	1733650698490	1733650698656	KO	status.find.in(200,304), but actually found 429
REQUEST		Get Specific User using JSON Feeder	1733650698142	1733650698703	KO	status.find.in(200,304), but actually found 429
REQUEST		Get Specific User using JSON Feeder	1733650698601	1733650698771	KO	status.find.in(200,304), but actually found 429
REQUEST		Get Specific User using JSON Feeder	1733650698711	1733650698875	KO	status.find.in(200,304), but actually found 429
REQUEST		Get Specific User using JSON Feeder	1733650699120	1733650699281	KO	status.find.in(200,304), but actually found 429
REQUEST		Get Specific User using JSON Feeder	1733650699168	1733650699331	KO	status.find.in(200,304), but actually found 429
REQUEST		Get Specific User using JSON Feeder	1733650699278	1733650699459	KO	status.find.in(200,304), but actually found 429
REQUEST		Get Specific User using JSON Feeder	1733650699401	1733650699554	KO	status.find.in(200,304), but actually found 429
REQUEST		Get Specific User using JSON Feeder	1733650699027	1733650699612	KO	status.find.in(200,304), but actually found 429
REQUEST		Get Specific User using JSON Feeder	1733650699621	1733650699787	OK	 
REQUEST		Get Specific User using JSON Feeder	1733650699370	1733650699844	KO	status.find.in(200,304), but actually found 429
REQUEST		Get Specific User using JSON Feeder	1733650699777	1733650699932	KO	status.find.in(200,304), but actually found 429
REQUEST		Get Specific User using JSON Feeder	1733650699764	1733650700035	KO	status.find.in(200,304), but actually found 429
REQUEST		Get Specific User using JSON Feeder	1733650699948	1733650700106	KO	status.find.in(200,304), but actually found 429
REQUEST		Get Specific User using JSON Feeder	1733650699995	1733650700154	KO	status.find.in(200,304), but actually found 429
REQUEST		Get Specific User using JSON Feeder	1733650699746	1733650700303	KO	status.find.in(200,304), but actually found 429
REQUEST		Get Specific User using JSON Feeder	1733650699792	1733650700388	KO	status.find.in(200,304), but actually found 429
REQUEST		Get Specific User using JSON Feeder	1733650698668	1733650700390	KO	status.find.in(200,304), but actually found 429
REQUEST		Get Specific User using JSON Feeder	1733650700309	1733650700507	OK	 
REQUEST		Get Specific User using JSON Feeder	1733650700169	1733650700628	KO	status.find.in(200,304), but actually found 429
REQUEST		Get Specific User using JSON Feeder	1733650700593	1733650700770	KO	status.find.in(200,304), but actually found 429
REQUEST		Get Specific User using JSON Feeder	1733650700784	1733650700948	KO	status.find.in(200,304), but actually found 429
REQUEST		Get Specific User using JSON Feeder	1733650700420	1733650700967	KO	status.find.in(200,304), but actually found 429
REQUEST		Get Specific User using JSON Feeder	1733650700309	1733650700981	OK	 
REQUEST		Get Specific User using JSON Feeder	1733650700719	1733650700995	KO	status.find.in(200,304), but actually found 429
REQUEST		Get Specific User using JSON Feeder	1733650700674	1733650701150	KO	status.find.in(200,304), but actually found 429
REQUEST		Get Specific User using JSON Feeder	1733650699840	1733650701218	KO	status.find.in(200,304), but actually found 429
REQUEST		Get Specific User using JSON Feeder	1733650700881	1733650701401	KO	status.find.in(200,304), but actually found 429
REQUEST		Get Specific User using JSON Feeder	1733650701297	1733650701514	OK	 
REQUEST		Get Specific User using JSON Feeder	1733650701345	1733650701517	OK	 
REQUEST		Get Specific User using JSON Feeder	1733650701568	1733650701742	KO	status.find.in(200,304), but actually found 429
REQUEST		Get Specific User using JSON Feeder	1733650701618	1733650701800	KO	status.find.in(200,304), but actually found 429
USER	Get User using JSON Feeder test data	END	1733650701869
USER	Get User using JSON Feeder test data	END	1733650701942
REQUEST		Get Specific User using JSON Feeder	1733650701797	1733650701944	KO	status.find.in(200,304), but actually found 429
REQUEST		Get Specific User using JSON Feeder	1733650701480	1733650702007	KO	status.find.in(200,304), but actually found 429
REQUEST		Get Specific User using JSON Feeder	1733650702126	1733650702297	KO	status.find.in(200,304), but actually found 429
REQUEST		Get Specific User using JSON Feeder	1733650702055	1733650702338	OK	 
REQUEST		Get Specific User using JSON Feeder	1733650702321	1733650702485	KO	status.find.in(200,304), but actually found 429
REQUEST		Get Specific User using JSON Feeder	1733650702161	1733650702655	KO	status.find.in(200,304), but actually found 429
REQUEST		Get Specific User using JSON Feeder	1733650702401	1733650702667	KO	status.find.in(200,304), but actually found 429
REQUEST		Get Specific User using JSON Feeder	1733650702401	1733650702669	KO	status.find.in(200,304), but actually found 429
REQUEST		Get Specific User using JSON Feeder	1733650702514	1733650702671	KO	status.find.in(200,304), but actually found 429
USER	Get User using JSON Feeder test data	END	1733650702785
USER	Get User using JSON Feeder test data	END	1733650702991
REQUEST		Get Specific User using JSON Feeder	1733650702635	1733650703103	KO	status.find.in(200,304), but actually found 429
USER	Get User using JSON Feeder test data	END	1733650703165
REQUEST		Get Specific User using JSON Feeder	1733650703228	1733650703405	KO	status.find.in(200,304), but actually found 429
USER	Get User using JSON Feeder test data	END	1733650703416
REQUEST		Get Specific User using JSON Feeder	1733650702961	1733650703505	OK	 
REQUEST		Get Specific User using JSON Feeder	1733650702991	1733650703572	KO	status.find.in(200,304), but actually found 429
REQUEST		Get Specific User using JSON Feeder	1733650703532	1733650703712	KO	status.find.in(200,304), but actually found 429
USER	Get User using JSON Feeder test data	END	1733650703815
REQUEST		Get Specific User using JSON Feeder	1733650703008	1733650703892	KO	status.find.in(200,304), but actually found 429
REQUEST		Get Specific User using JSON Feeder	1733650703751	1733650703925	OK	 
REQUEST		Get Specific User using JSON Feeder	1733650703532	1733650703995	KO	status.find.in(200,304), but actually found 429
USER	Get User using JSON Feeder test data	END	1733650704011
REQUEST		Get Specific User using JSON Feeder	1733650703962	1733650704115	KO	status.find.in(200,304), but actually found 429
USER	Get User using JSON Feeder test data	END	1733650704308
USER	Get User using JSON Feeder test data	END	1733650704356
USER	Get User using JSON Feeder test data	END	1733650704503
USER	Get User using JSON Feeder test data	END	1733650704677
REQUEST		Get Specific User using JSON Feeder	1733650704676	1733650704852	OK	 
REQUEST		Get Specific User using JSON Feeder	1733650704676	1733650705280	OK	 
REQUEST		Get Specific User using JSON Feeder	1733650705115	1733650705296	KO	status.find.in(200,304), but actually found 429
USER	Get User using JSON Feeder test data	END	1733650705423
USER	Get User using JSON Feeder test data	END	1733650705589
REQUEST		Get Specific User using JSON Feeder	1733650705524	1733650705728	OK	 
REQUEST		Get Specific User using JSON Feeder	1733650705717	1733650705911	KO	status.find.in(200,304), but actually found 429
USER	Get User using JSON Feeder test data	END	1733650705932
REQUEST		Get Specific User using JSON Feeder	1733650705900	1733650706225	KO	status.find.in(200,304), but actually found 429
REQUEST		Get Specific User using JSON Feeder	1733650706010	1733650706225	KO	status.find.in(200,304), but actually found 429
REQUEST		Get Specific User using JSON Feeder	1733650706119	1733650706639	KO	status.find.in(200,304), but actually found 429
REQUEST		Get Specific User using JSON Feeder	1733650706869	1733650707358	OK	 
REQUEST		Get Specific User using JSON Feeder	1733650707298	1733650707562	OK	 
USER	Get User using JSON Feeder test data	END	1733650707741
REQUEST		Get Specific User using JSON Feeder	1733650707301	1733650707752	OK	 
REQUEST		Get Specific User using JSON Feeder	1733650707928	1733650708176	KO	status.find.in(200,304), but actually found 429
USER	Get User using JSON Feeder test data	END	1733650708243
REQUEST		Get Specific User using JSON Feeder	1733650708243	1733650708481	OK	 
USER	Get User using JSON Feeder test data	END	1733650708656
REQUEST		Get Specific User using JSON Feeder	1733650698861	1733650708892	OK	 
REQUEST		Get Specific User using JSON Feeder	1733650709368	1733650709682	OK	 
REQUEST		Get Specific User using JSON Feeder	1733650709576	1733650709743	KO	status.find.in(200,304), but actually found 429
REQUEST		Get Specific User using JSON Feeder	1733650709765	1733650709931	KO	status.find.in(200,304), but actually found 429
USER	Get User using JSON Feeder test data	END	1733650710197
USER	Get User using JSON Feeder test data	END	1733650710493
REQUEST		Get Specific User using JSON Feeder	1733650710905	1733650711145	OK	 
USER	Get User using JSON Feeder test data	END	1733650711696
USER	Get User using JSON Feeder test data	END	1733650711758
REQUEST		Get Specific User using JSON Feeder	1733650711947	1733650712170	OK	 
REQUEST		Get Specific User using JSON Feeder	1733650713155	1733650713397	OK	 
USER	Get User using JSON Feeder test data	END	1733650714173
REQUEST		Get Specific User using JSON Feeder	1733650715408	1733650735517	OK	 
USER	Get User using JSON Feeder test data	END	1733650737534
REQUEST		Get Specific User using JSON Feeder	1733650704678	1733650764684	KO	i.g.h.c.i.RequestTimeoutException: Request timeout to localhost/127.0.0.1:8888 after 60000 ms
REQUEST		Get Specific User using JSON Feeder	1733650766700	1733650767964	OK	 
REQUEST		Get Specific User using JSON Feeder	1733650769972	1733650771155	OK	 
REQUEST		Get Specific User using JSON Feeder	1733650773162	1733650773478	OK	 
REQUEST		Get Specific User using JSON Feeder	1733650775491	1733650775761	OK	 
USER	Get User using JSON Feeder test data	END	1733650777782
